<?xml version="1.0" encoding="UTF-8"?>
<!-- Generated by org.testng.reporters.JUnitReportReporter -->
<testsuite hostname="DESKTOP-9IBLFN0" failures="0" tests="1" name="com.bazaar.shopclues.testscripts.Shopclues" time="17.989" errors="0" timestamp="2022-08-27T02:41:01 IST" skipped="0">
  <testcase classname="com.bazaar.shopclues.testscripts.Shopclues" name="buyFirstItem" time="17.989"/>
  <system-out/>
</testsuite> <!-- com.bazaar.shopclues.testscripts.Shopclues -->
